<?xml version="1.0" ?>
<layout xmlns:xsi="http://www.w3.org/2001/XMLSchema-instance" xsi:noNamespaceSchemaLocation="urn:magento:framework:View/Layout/etc/page_layout.xsd">
    <update handle="product-full-width"/>

    <!-- <referenceContainer name="page.wrapper">
        <container name="header.container" as="header_container" label="Page Header Container"  htmlTag="header" htmlClass="page-header" before="main.content"/>
        <container name="page.top" as="page_top" label="After Page Header" after="header.container"/>
    </referenceContainer> -->

     <referenceContainer name="footer" remove="true" /> 
</layout>